Wed Sep 23 19:20:25 CST 2020:编译合成完成
Wed Sep 23 19:22:35 CST 2020:编译合成完成
Fri Sep 25 15:55:46 CST 2020:编译合成完成
Sun Sep 27 10:08:45 CST 2020:编译合成完成
Tue Sep 29 15:19:16 CST 2020:编译合成完成
Tue Sep 29 15:39:13 CST 2020:编译合成完成
Sat Oct 10 15:21:02 CST 2020:编译合成完成
Thu Oct 15 09:30:45 CST 2020:编译合成完成
Thu Nov  5 13:59:47 CST 2020:编译合成完成
Mon Nov  9 11:03:52 CST 2020:编译合成完成
Tue Nov 17 19:01:37 CST 2020:编译合成完成
Wed Nov 18 14:26:39 CST 2020:编译合成完成
Wed Nov 18 14:34:03 CST 2020:编译合成完成
Thu Nov 19 18:41:15 CST 2020:编译合成完成
Thu Nov 19 18:50:34 CST 2020:编译合成完成
Thu Nov 19 18:56:08 CST 2020:编译合成完成
Thu Nov 19 19:15:30 CST 2020:编译合成完成
Thu Nov 19 19:34:37 CST 2020:编译合成完成
Tue Feb  2 14:42:26 CST 2021:编译合成完成
Tue Feb  2 14:55:04 CST 2021:编译合成完成
Mon Feb 22 13:13:49 CST 2021:编译合成完成
Tue Feb 23 14:38:46 CST 2021:编译合成完成
Wed Feb 24 11:07:49 CST 2021:编译合成完成
Wed Feb 24 13:49:58 CST 2021:编译合成完成
Thu Mar  4 16:46:24 CST 2021:编译合成完成
Fri Mar  5 16:49:46 CST 2021:编译合成完成
Mon Mar 15 15:30:01 CST 2021:编译合成完成
Tue Mar 16 11:11:44 CST 2021:编译合成完成
Mon Apr 12 09:56:40 CST 2021:编译合成完成
Mon Apr 12 10:14:52 CST 2021:编译合成完成
Mon Apr 12 10:38:40 CST 2021:编译合成完成
Mon Apr 12 13:23:14 CST 2021:编译合成完成
Mon Apr 12 15:21:56 CST 2021:编译合成完成
Tue Apr 13 16:05:49 CST 2021:编译合成完成
Fri Apr 30 11:01:19 CST 2021:编译合成完成
Mon May 31 18:40:47 CST 2021:编译合成完成
Mon Jun 21 16:54:30 CST 2021:编译合成完成
Fri Jun 25 10:39:20 CST 2021:编译合成完成
Fri Jun 25 10:50:47 CST 2021:编译合成完成
Fri Jun 25 10:52:25 CST 2021:编译合成完成
